#! /c/Source/iverilog-install/bin/vvp
:ivl_version "12.0 (devel)" "(s20150603-1110-g18392a46)";
:ivl_delay_selection "TYPICAL";
:vpi_time_precision + 0;
:vpi_module "C:\iverilog\lib\ivl\system.vpi";
:vpi_module "C:\iverilog\lib\ivl\vhdl_sys.vpi";
:vpi_module "C:\iverilog\lib\ivl\vhdl_textio.vpi";
:vpi_module "C:\iverilog\lib\ivl\v2005_math.vpi";
:vpi_module "C:\iverilog\lib\ivl\va_math.vpi";
S_000002889e642df0 .scope module, "predictor" "predictor" 2 1;
 .timescale 0 0;
    .port_info 0 /INPUT 1 "request";
    .port_info 1 /INPUT 1 "result";
    .port_info 2 /INPUT 1 "clk";
    .port_info 3 /INPUT 1 "taken";
    .port_info 4 /OUTPUT 1 "prediction";
v000002889e642f80 .array "BHT", 0 255, 1 0;
v000002889e643020_0 .var "BRH", 7 0;
o000002889e676fc8 .functor BUFZ 1, C4<z>; HiZ drive
v000002889e6430c0_0 .net "clk", 0 0, o000002889e676fc8;  0 drivers
v000002889e5bbc30_0 .var "prediction", 0 0;
o000002889e677028 .functor BUFZ 1, C4<z>; HiZ drive
v000002889e5bbcd0_0 .net "request", 0 0, o000002889e677028;  0 drivers
o000002889e677058 .functor BUFZ 1, C4<z>; HiZ drive
v000002889e5bbd70_0 .net "result", 0 0, o000002889e677058;  0 drivers
o000002889e677088 .functor BUFZ 1, C4<z>; HiZ drive
v000002889e6738a0_0 .net "taken", 0 0, o000002889e677088;  0 drivers
E_000002889e5bc760 .event posedge, v000002889e6430c0_0;
    .scope S_000002889e642df0;
T_0 ;
    %wait E_000002889e5bc760;
    %load/vec4 v000002889e5bbcd0_0;
    %pad/u 32;
    %cmpi/e 1, 0, 32;
    %jmp/0xz  T_0.0, 4;
    %load/vec4 v000002889e643020_0;
    %pad/u 10;
    %ix/vec4 4;
    %load/vec4a v000002889e642f80, 4;
    %parti/s 1, 1, 2;
    %store/vec4 v000002889e5bbc30_0, 0, 1;
T_0.0 ;
    %load/vec4 v000002889e5bbd70_0;
    %pad/u 32;
    %cmpi/e 1, 0, 32;
    %jmp/0xz  T_0.2, 4;
    %load/vec4 v000002889e6738a0_0;
    %flag_set/vec4 8;
    %jmp/0xz  T_0.4, 8;
    %load/vec4 v000002889e643020_0;
    %pad/u 10;
    %ix/vec4 4;
    %load/vec4a v000002889e642f80, 4;
    %cmpi/ne 3, 0, 2;
    %jmp/0xz  T_0.6, 4;
    ; show_stmt_assign_vector: Get l-value for compressed += operand
    %load/vec4 v000002889e643020_0;
    %pad/u 10;
    %ix/vec4 4;
    %flag_mov 8, 4;
    %load/vec4a v000002889e642f80, 4;
    %pushi/vec4 1, 0, 2;
    %add;
    %flag_mov 4, 8;
    %store/vec4a v000002889e642f80, 4, 0;
T_0.6 ;
    %jmp T_0.5;
T_0.4 ;
    %load/vec4 v000002889e643020_0;
    %pad/u 10;
    %ix/vec4 4;
    %load/vec4a v000002889e642f80, 4;
    %cmpi/ne 0, 0, 2;
    %jmp/0xz  T_0.8, 4;
    ; show_stmt_assign_vector: Get l-value for compressed -= operand
    %load/vec4 v000002889e643020_0;
    %pad/u 10;
    %ix/vec4 4;
    %flag_mov 8, 4;
    %load/vec4a v000002889e642f80, 4;
    %pushi/vec4 1, 0, 2;
    %sub;
    %flag_mov 4, 8;
    %store/vec4a v000002889e642f80, 4, 0;
T_0.8 ;
T_0.5 ;
    %load/vec4 v000002889e643020_0;
    %ix/load 4, 1, 0;
    %flag_set/imm 4, 0;
    %shiftl 4;
    %store/vec4 v000002889e643020_0, 0, 8;
    %load/vec4 v000002889e6738a0_0;
    %ix/load 4, 0, 0;
    %flag_set/imm 4, 0;
    %store/vec4 v000002889e643020_0, 4, 1;
T_0.2 ;
    %jmp T_0;
    .thread T_0;
# The file index is used to find the file name in the following table.
:file_names 3;
    "N/A";
    "<interactive>";
    "predictor.v";
